# JRE version: OpenJDK Runtime Environment (8.0_151-b12) (build 1.8.0_151-8u151-b12-0ubuntu0.16.04.2-b12)
# Java VM: OpenJDK 64-Bit Server VM (25.151-b12 mixed mode linux-amd64 compressed oops)
Heap:
 PSYoungGen      total 177664K, used 177661K [0x00000000e0000000, 0x00000000ebf00000, 0x0000000100000000)
  eden space 164352K, 100% used [0x00000000e0000000,0x00000000ea080000,0x00000000ea080000)
  from space 13312K, 99% used [0x00000000eaf80000,0x00000000ebc7f5a8,0x00000000ebc80000)
  to   space 15360K, 99% used [0x00000000ea080000,0x00000000eaf78210,0x00000000eaf80000)
 ParOldGen       total 97792K, used 26524K [0x00000000a0000000, 0x00000000a5f80000, 0x00000000e0000000)
  object space 97792K, 27% used [0x00000000a0000000,0x00000000a19e7108,0x00000000a5f80000)
 Metaspace       used 48651K, capacity 50424K, committed 50688K, reserved 1093632K
  class space    used 6466K, capacity 6828K, committed 6912K, reserved 1048576K
GC Heap History (10 events):
Event: 4.026 GC heap after
Heap after GC invocations=8 (full 1):
 PSYoungGen      total 134144K, used 9699K [0x00000000e0000000, 0x00000000e9c00000, 0x0000000100000000)
  eden space 124416K, 0% used [0x00000000e0000000,0x00000000e0000000,0x00000000e7980000)
  from space 9728K, 99% used [0x00000000e7980000,0x00000000e82f8f98,0x00000000e8300000)
  to   space 11264K, 0% used [0x00000000e9100000,0x00000000e9100000,0x00000000e9c00000)
 ParOldGen       total 61440K, used 10583K [0x00000000a0000000, 0x00000000a3c00000, 0x00000000e0000000)
  object space 61440K, 17% used [0x00000000a0000000,0x00000000a0a55c98,0x00000000a3c00000)
 Metaspace       used 31351K, capacity 31942K, committed 32128K, reserved 1077248K
  class space    used 4231K, capacity 4394K, committed 4480K, reserved 1048576K
}
Event: 4.749 GC heap before
{Heap before GC invocations=9 (full 1):
 PSYoungGen      total 134144K, used 80060K [0x00000000e0000000, 0x00000000e9c00000, 0x0000000100000000)
  eden space 124416K, 56% used [0x00000000e0000000,0x00000000e44b63c0,0x00000000e7980000)
  from space 9728K, 99% used [0x00000000e7980000,0x00000000e82f8f98,0x00000000e8300000)
  to   space 11264K, 0% used [0x00000000e9100000,0x00000000e9100000,0x00000000e9c00000)
 ParOldGen       total 61440K, used 10583K [0x00000000a0000000, 0x00000000a3c00000, 0x00000000e0000000)
  object space 61440K, 17% used [0x00000000a0000000,0x00000000a0a55c98,0x00000000a3c00000)
 Metaspace       used 34683K, capacity 35350K, committed 35496K, reserved 1079296K
  class space    used 4641K, capacity 4839K, committed 4864K, reserved 1048576K
Event: 4.766 GC heap after
Heap after GC invocations=9 (full 1):
 PSYoungGen      total 146432K, used 11251K [0x00000000e0000000, 0x00000000ec780000, 0x0000000100000000)
  eden space 135168K, 0% used [0x00000000e0000000,0x00000000e0000000,0x00000000e8400000)
  from space 11264K, 99% used [0x00000000e9100000,0x00000000e9bfce28,0x00000000e9c00000)
  to   space 13312K, 0% used [0x00000000e8400000,0x00000000e8400000,0x00000000e9100000)
 ParOldGen       total 61440K, used 12470K [0x00000000a0000000, 0x00000000a3c00000, 0x00000000e0000000)
  object space 61440K, 20% used [0x00000000a0000000,0x00000000a0c2d9b0,0x00000000a3c00000)
 Metaspace       used 34683K, capacity 35350K, committed 35496K, reserved 1079296K
  class space    used 4641K, capacity 4839K, committed 4864K, reserved 1048576K
}
Event: 4.766 GC heap before
{Heap before GC invocations=10 (full 2):
 PSYoungGen      total 146432K, used 11251K [0x00000000e0000000, 0x00000000ec780000, 0x0000000100000000)
  eden space 135168K, 0% used [0x00000000e0000000,0x00000000e0000000,0x00000000e8400000)
  from space 11264K, 99% used [0x00000000e9100000,0x00000000e9bfce28,0x00000000e9c00000)
  to   space 13312K, 0% used [0x00000000e8400000,0x00000000e8400000,0x00000000e9100000)
 ParOldGen       total 61440K, used 12470K [0x00000000a0000000, 0x00000000a3c00000, 0x00000000e0000000)
  object space 61440K, 20% used [0x00000000a0000000,0x00000000a0c2d9b0,0x00000000a3c00000)
 Metaspace       used 34683K, capacity 35350K, committed 35496K, reserved 1079296K
  class space    used 4641K, capacity 4839K, committed 4864K, reserved 1048576K
Event: 4.876 GC heap after
Heap after GC invocations=10 (full 2):
 PSYoungGen      total 146432K, used 0K [0x00000000e0000000, 0x00000000ec780000, 0x0000000100000000)
  eden space 135168K, 0% used [0x00000000e0000000,0x00000000e0000000,0x00000000e8400000)
  from space 11264K, 0% used [0x00000000e9100000,0x00000000e9100000,0x00000000e9c00000)
  to   space 13312K, 0% used [0x00000000e8400000,0x00000000e8400000,0x00000000e9100000)
 ParOldGen       total 97792K, used 20032K [0x00000000a0000000, 0x00000000a5f80000, 0x00000000e0000000)
  object space 97792K, 20% used [0x00000000a0000000,0x00000000a13900c0,0x00000000a5f80000)
 Metaspace       used 34683K, capacity 35350K, committed 35496K, reserved 1079296K
  class space    used 4641K, capacity 4839K, committed 4864K, reserved 1048576K
}
Event: 6.333 GC heap before
{Heap before GC invocations=11 (full 2):
 PSYoungGen      total 146432K, used 135168K [0x00000000e0000000, 0x00000000ec780000, 0x0000000100000000)
  eden space 135168K, 100% used [0x00000000e0000000,0x00000000e8400000,0x00000000e8400000)
  from space 11264K, 0% used [0x00000000e9100000,0x00000000e9100000,0x00000000e9c00000)
  to   space 13312K, 0% used [0x00000000e8400000,0x00000000e8400000,0x00000000e9100000)
 ParOldGen       total 97792K, used 20032K [0x00000000a0000000, 0x00000000a5f80000, 0x00000000e0000000)
  object space 97792K, 20% used [0x00000000a0000000,0x00000000a13900c0,0x00000000a5f80000)
 Metaspace       used 42012K, capacity 43010K, committed 43264K, reserved 1087488K
  class space    used 5575K, capacity 5827K, committed 5888K, reserved 1048576K
Event: 6.348 GC heap after
Heap after GC invocations=11 (full 2):
 PSYoungGen      total 148480K, used 9144K [0x00000000e0000000, 0x00000000ebc80000, 0x0000000100000000)
  eden space 135168K, 0% used [0x00000000e0000000,0x00000000e0000000,0x00000000e8400000)
  from space 13312K, 68% used [0x00000000e8400000,0x00000000e8cee050,0x00000000e9100000)
  to   space 13312K, 0% used [0x00000000eaf80000,0x00000000eaf80000,0x00000000ebc80000)
 ParOldGen       total 97792K, used 20040K [0x00000000a0000000, 0x00000000a5f80000, 0x00000000e0000000)
  object space 97792K, 20% used [0x00000000a0000000,0x00000000a13920c0,0x00000000a5f80000)
 Metaspace       used 42012K, capacity 43010K, committed 43264K, reserved 1087488K
  class space    used 5575K, capacity 5827K, committed 5888K, reserved 1048576K
}
Event: 7.489 GC heap before
{Heap before GC invocations=12 (full 2):
 PSYoungGen      total 148480K, used 144312K [0x00000000e0000000, 0x00000000ebc80000, 0x0000000100000000)
  eden space 135168K, 100% used [0x00000000e0000000,0x00000000e8400000,0x00000000e8400000)
  from space 13312K, 68% used [0x00000000e8400000,0x00000000e8cee050,0x00000000e9100000)
  to   space 13312K, 0% used [0x00000000eaf80000,0x00000000eaf80000,0x00000000ebc80000)
 ParOldGen       total 97792K, used 20040K [0x00000000a0000000, 0x00000000a5f80000, 0x00000000e0000000)
  object space 97792K, 20% used [0x00000000a0000000,0x00000000a13920c0,0x00000000a5f80000)
 Metaspace       used 47540K, capacity 49062K, committed 49280K, reserved 1091584K
  class space    used 6388K, capacity 6757K, committed 6784K, reserved 1048576K
Event: 7.509 GC heap after
Heap after GC invocations=12 (full 2):
 PSYoungGen      total 177664K, used 13309K [0x00000000e0000000, 0x00000000ebf00000, 0x0000000100000000)
  eden space 164352K, 0% used [0x00000000e0000000,0x00000000e0000000,0x00000000ea080000)
  from space 13312K, 99% used [0x00000000eaf80000,0x00000000ebc7f5a8,0x00000000ebc80000)
  to   space 15360K, 0% used [0x00000000ea080000,0x00000000ea080000,0x00000000eaf80000)
 ParOldGen       total 97792K, used 21880K [0x00000000a0000000, 0x00000000a5f80000, 0x00000000e0000000)
  object space 97792K, 22% used [0x00000000a0000000,0x00000000a155e0d8,0x00000000a5f80000)
 Metaspace       used 47540K, capacity 49062K, committed 49280K, reserved 1091584K
  class space    used 6388K, capacity 6757K, committed 6784K, reserved 1048576K
}
Event: 8.777 GC heap before
{Heap before GC invocations=13 (full 2):
 PSYoungGen      total 177664K, used 177661K [0x00000000e0000000, 0x00000000ebf00000, 0x0000000100000000)
  eden space 164352K, 100% used [0x00000000e0000000,0x00000000ea080000,0x00000000ea080000)
  from space 13312K, 99% used [0x00000000eaf80000,0x00000000ebc7f5a8,0x00000000ebc80000)
  to   space 15360K, 0% used [0x00000000ea080000,0x00000000ea080000,0x00000000eaf80000)
 ParOldGen       total 97792K, used 21880K [0x00000000a0000000, 0x00000000a5f80000, 0x00000000e0000000)
  object space 97792K, 22% used [0x00000000a0000000,0x00000000a155e0d8,0x00000000a5f80000)
 Metaspace       used 48651K, capacity 50424K, committed 50688K, reserved 1093632K
  class space    used 6466K, capacity 6828K, committed 6912K, reserved 1048576K

