# JRE version: OpenJDK Runtime Environment (8.0_151-b12) (build 1.8.0_151-8u151-b12-0ubuntu0.16.04.2-b12)
# Java VM: OpenJDK 64-Bit Server VM (25.151-b12 mixed mode linux-amd64 compressed oops)
Heap:
 PSYoungGen      total 229888K, used 12880K [0x00000000e0000000, 0x00000000f2600000, 0x0000000100000000)
  eden space 204800K, 0% used [0x00000000e0000000,0x00000000e0000000,0x00000000ec800000)
  from space 25088K, 51% used [0x00000000ec800000,0x00000000ed494050,0x00000000ee080000)
  to   space 24064K, 0% used [0x00000000f0e80000,0x00000000f0e80000,0x00000000f2600000)
 ParOldGen       total 79872K, used 68594K [0x00000000a0000000, 0x00000000a4e00000, 0x00000000e0000000)
  object space 79872K, 85% used [0x00000000a0000000,0x00000000a42fca28,0x00000000a4e00000)
 Metaspace       used 51638K, capacity 54196K, committed 54400K, reserved 1095680K
  class space    used 6794K, capacity 7248K, committed 7296K, reserved 1048576K
GC Heap History (10 events):
Event: 20.807 GC heap after
Heap after GC invocations=13 (full 2):
 PSYoungGen      total 162304K, used 12769K [0x00000000e0000000, 0x00000000ec180000, 0x0000000100000000)
  eden space 149504K, 0% used [0x00000000e0000000,0x00000000e0000000,0x00000000e9200000)
  from space 12800K, 99% used [0x00000000e9200000,0x00000000e9e784c0,0x00000000e9e80000)
  to   space 14336K, 0% used [0x00000000eb380000,0x00000000eb380000,0x00000000ec180000)
 ParOldGen       total 79872K, used 20919K [0x00000000a0000000, 0x00000000a4e00000, 0x00000000e0000000)
  object space 79872K, 26% used [0x00000000a0000000,0x00000000a146dce0,0x00000000a4e00000)
 Metaspace       used 46527K, capacity 47882K, committed 48128K, reserved 1091584K
  class space    used 6224K, capacity 6563K, committed 6656K, reserved 1048576K
}
Event: 23.130 GC heap before
{Heap before GC invocations=14 (full 2):
 PSYoungGen      total 162304K, used 162273K [0x00000000e0000000, 0x00000000ec180000, 0x0000000100000000)
  eden space 149504K, 100% used [0x00000000e0000000,0x00000000e9200000,0x00000000e9200000)
  from space 12800K, 99% used [0x00000000e9200000,0x00000000e9e784c0,0x00000000e9e80000)
  to   space 14336K, 0% used [0x00000000eb380000,0x00000000eb380000,0x00000000ec180000)
 ParOldGen       total 79872K, used 20919K [0x00000000a0000000, 0x00000000a4e00000, 0x00000000e0000000)
  object space 79872K, 26% used [0x00000000a0000000,0x00000000a146dce0,0x00000000a4e00000)
 Metaspace       used 48445K, capacity 50198K, committed 50432K, reserved 1093632K
  class space    used 6432K, capacity 6809K, committed 6912K, reserved 1048576K
Event: 23.164 GC heap after
Heap after GC invocations=14 (full 2):
 PSYoungGen      total 179200K, used 14304K [0x00000000e0000000, 0x00000000ede00000, 0x0000000100000000)
  eden space 164864K, 0% used [0x00000000e0000000,0x00000000e0000000,0x00000000ea100000)
  from space 14336K, 99% used [0x00000000eb380000,0x00000000ec178010,0x00000000ec180000)
  to   space 18944K, 0% used [0x00000000ea100000,0x00000000ea100000,0x00000000eb380000)
 ParOldGen       total 79872K, used 28248K [0x00000000a0000000, 0x00000000a4e00000, 0x00000000e0000000)
  object space 79872K, 35% used [0x00000000a0000000,0x00000000a1b96328,0x00000000a4e00000)
 Metaspace       used 48445K, capacity 50198K, committed 50432K, reserved 1093632K
  class space    used 6432K, capacity 6809K, committed 6912K, reserved 1048576K
}
Event: 25.203 GC heap before
{Heap before GC invocations=15 (full 2):
 PSYoungGen      total 179200K, used 179168K [0x00000000e0000000, 0x00000000ede00000, 0x0000000100000000)
  eden space 164864K, 100% used [0x00000000e0000000,0x00000000ea100000,0x00000000ea100000)
  from space 14336K, 99% used [0x00000000eb380000,0x00000000ec178010,0x00000000ec180000)
  to   space 18944K, 0% used [0x00000000ea100000,0x00000000ea100000,0x00000000eb380000)
 ParOldGen       total 79872K, used 28248K [0x00000000a0000000, 0x00000000a4e00000, 0x00000000e0000000)
  object space 79872K, 35% used [0x00000000a0000000,0x00000000a1b96328,0x00000000a4e00000)
 Metaspace       used 49326K, capacity 51324K, committed 51456K, reserved 1093632K
  class space    used 6520K, capacity 6887K, committed 6912K, reserved 1048576K
Event: 25.243 GC heap after
Heap after GC invocations=15 (full 2):
 PSYoungGen      total 183808K, used 11705K [0x00000000e0000000, 0x00000000ef300000, 0x0000000100000000)
  eden space 164864K, 0% used [0x00000000e0000000,0x00000000e0000000,0x00000000ea100000)
  from space 18944K, 61% used [0x00000000ea100000,0x00000000eac6e440,0x00000000eb380000)
  to   space 18944K, 0% used [0x00000000ee080000,0x00000000ee080000,0x00000000ef300000)
 ParOldGen       total 79872K, used 42552K [0x00000000a0000000, 0x00000000a4e00000, 0x00000000e0000000)
  object space 79872K, 53% used [0x00000000a0000000,0x00000000a298e3f0,0x00000000a4e00000)
 Metaspace       used 49326K, capacity 51324K, committed 51456K, reserved 1093632K
  class space    used 6520K, capacity 6887K, committed 6912K, reserved 1048576K
}
Event: 35.184 GC heap before
{Heap before GC invocations=16 (full 2):
 PSYoungGen      total 183808K, used 176569K [0x00000000e0000000, 0x00000000ef300000, 0x0000000100000000)
  eden space 164864K, 100% used [0x00000000e0000000,0x00000000ea100000,0x00000000ea100000)
  from space 18944K, 61% used [0x00000000ea100000,0x00000000eac6e440,0x00000000eb380000)
  to   space 18944K, 0% used [0x00000000ee080000,0x00000000ee080000,0x00000000ef300000)
 ParOldGen       total 79872K, used 42552K [0x00000000a0000000, 0x00000000a4e00000, 0x00000000e0000000)
  object space 79872K, 53% used [0x00000000a0000000,0x00000000a298e3f0,0x00000000a4e00000)
 Metaspace       used 51305K, capacity 53632K, committed 53888K, reserved 1095680K
  class space    used 6759K, capacity 7186K, committed 7296K, reserved 1048576K
Event: 35.222 GC heap after
Heap after GC invocations=16 (full 2):
 PSYoungGen      total 223744K, used 18944K [0x00000000e0000000, 0x00000000efa00000, 0x0000000100000000)
  eden space 204800K, 0% used [0x00000000e0000000,0x00000000e0000000,0x00000000ec800000)
  from space 18944K, 100% used [0x00000000ee080000,0x00000000ef300000,0x00000000ef300000)
  to   space 25088K, 0% used [0x00000000ec800000,0x00000000ec800000,0x00000000ee080000)
 ParOldGen       total 79872K, used 52458K [0x00000000a0000000, 0x00000000a4e00000, 0x00000000e0000000)
  object space 79872K, 65% used [0x00000000a0000000,0x00000000a333a988,0x00000000a4e00000)
 Metaspace       used 51305K, capacity 53632K, committed 53888K, reserved 1095680K
  class space    used 6759K, capacity 7186K, committed 7296K, reserved 1048576K
}
Event: 40.822 GC heap before
{Heap before GC invocations=17 (full 2):
 PSYoungGen      total 223744K, used 223744K [0x00000000e0000000, 0x00000000efa00000, 0x0000000100000000)
  eden space 204800K, 100% used [0x00000000e0000000,0x00000000ec800000,0x00000000ec800000)
  from space 18944K, 100% used [0x00000000ee080000,0x00000000ef300000,0x00000000ef300000)
  to   space 25088K, 0% used [0x00000000ec800000,0x00000000ec800000,0x00000000ee080000)
 ParOldGen       total 79872K, used 52458K [0x00000000a0000000, 0x00000000a4e00000, 0x00000000e0000000)
  object space 79872K, 65% used [0x00000000a0000000,0x00000000a333a988,0x00000000a4e00000)
 Metaspace       used 51638K, capacity 54196K, committed 54400K, reserved 1095680K
  class space    used 6794K, capacity 7248K, committed 7296K, reserved 1048576K
Event: 40.869 GC heap after
Heap after GC invocations=17 (full 2):
 PSYoungGen      total 229888K, used 12880K [0x00000000e0000000, 0x00000000f2600000, 0x0000000100000000)
  eden space 204800K, 0% used [0x00000000e0000000,0x00000000e0000000,0x00000000ec800000)
  from space 25088K, 51% used [0x00000000ec800000,0x00000000ed494050,0x00000000ee080000)
  to   space 24064K, 0% used [0x00000000f0e80000,0x00000000f0e80000,0x00000000f2600000)
 ParOldGen       total 79872K, used 68594K [0x00000000a0000000, 0x00000000a4e00000, 0x00000000e0000000)
  object space 79872K, 85% used [0x00000000a0000000,0x00000000a42fca28,0x00000000a4e00000)
 Metaspace       used 51638K, capacity 54196K, committed 54400K, reserved 1095680K
  class space    used 6794K, capacity 7248K, committed 7296K, reserved 1048576K
}
Event: 40.869 GC heap before
{Heap before GC invocations=18 (full 3):
 PSYoungGen      total 229888K, used 12880K [0x00000000e0000000, 0x00000000f2600000, 0x0000000100000000)
  eden space 204800K, 0% used [0x00000000e0000000,0x00000000e0000000,0x00000000ec800000)
  from space 25088K, 51% used [0x00000000ec800000,0x00000000ed494050,0x00000000ee080000)
  to   space 24064K, 0% used [0x00000000f0e80000,0x00000000f0e80000,0x00000000f2600000)
 ParOldGen       total 79872K, used 68594K [0x00000000a0000000, 0x00000000a4e00000, 0x00000000e0000000)
  object space 79872K, 85% used [0x00000000a0000000,0x00000000a42fca28,0x00000000a4e00000)
 Metaspace       used 51638K, capacity 54196K, committed 54400K, reserved 1095680K
  class space    used 6794K, capacity 7248K, committed 7296K, reserved 1048576K

