# JRE version: OpenJDK Runtime Environment (8.0_151-b12) (build 1.8.0_151-8u151-b12-0ubuntu0.16.04.2-b12)
# Java VM: OpenJDK 64-Bit Server VM (25.151-b12 mixed mode linux-amd64 compressed oops)
Heap:
 PSYoungGen      total 228352K, used 119915K [0x00000000e0000000, 0x00000000f2c80000, 0x0000000100000000)
  eden space 200192K, 45% used [0x00000000e0000000,0x00000000e59a2c38,0x00000000ec380000)
  from space 28160K, 99% used [0x00000000ec380000,0x00000000edef8030,0x00000000edf00000)
  to   space 34304K, 0% used [0x00000000f0b00000,0x00000000f0b00000,0x00000000f2c80000)
 ParOldGen       total 86528K, used 53508K [0x00000000a0000000, 0x00000000a5480000, 0x00000000e0000000)
  object space 86528K, 61% used [0x00000000a0000000,0x00000000a3441320,0x00000000a5480000)
 Metaspace       used 51882K, capacity 54702K, committed 55040K, reserved 1097728K
  class space    used 6832K, capacity 7309K, committed 7424K, reserved 1048576K
GC Heap History (10 events):
Event: 16.538 GC heap before
{Heap before GC invocations=15 (full 2):
 PSYoungGen      total 136704K, used 134553K [0x00000000e0000000, 0x00000000e9480000, 0x0000000100000000)
  eden space 124416K, 100% used [0x00000000e0000000,0x00000000e7980000,0x00000000e7980000)
  from space 12288K, 82% used [0x00000000e8880000,0x00000000e92664f0,0x00000000e9480000)
  to   space 13824K, 0% used [0x00000000e7980000,0x00000000e7980000,0x00000000e8700000)
 ParOldGen       total 86528K, used 19461K [0x00000000a0000000, 0x00000000a5480000, 0x00000000e0000000)
  object space 86528K, 22% used [0x00000000a0000000,0x00000000a1301778,0x00000000a5480000)
 Metaspace       used 48145K, capacity 49710K, committed 49920K, reserved 1091584K
  class space    used 6418K, capacity 6787K, committed 6912K, reserved 1048576K
Event: 16.563 GC heap after
Heap after GC invocations=15 (full 2):
 PSYoungGen      total 138240K, used 13792K [0x00000000e0000000, 0x00000000ebe00000, 0x0000000100000000)
  eden space 124416K, 0% used [0x00000000e0000000,0x00000000e0000000,0x00000000e7980000)
  from space 13824K, 99% used [0x00000000e7980000,0x00000000e86f8210,0x00000000e8700000)
  to   space 16896K, 0% used [0x00000000ead80000,0x00000000ead80000,0x00000000ebe00000)
 ParOldGen       total 86528K, used 23144K [0x00000000a0000000, 0x00000000a5480000, 0x00000000e0000000)
  object space 86528K, 26% used [0x00000000a0000000,0x00000000a169a360,0x00000000a5480000)
 Metaspace       used 48145K, capacity 49710K, committed 49920K, reserved 1091584K
  class space    used 6418K, capacity 6787K, committed 6912K, reserved 1048576K
}
Event: 18.227 GC heap before
{Heap before GC invocations=16 (full 2):
 PSYoungGen      total 138240K, used 138208K [0x00000000e0000000, 0x00000000ebe00000, 0x0000000100000000)
  eden space 124416K, 100% used [0x00000000e0000000,0x00000000e7980000,0x00000000e7980000)
  from space 13824K, 99% used [0x00000000e7980000,0x00000000e86f8210,0x00000000e8700000)
  to   space 16896K, 0% used [0x00000000ead80000,0x00000000ead80000,0x00000000ebe00000)
 ParOldGen       total 86528K, used 23144K [0x00000000a0000000, 0x00000000a5480000, 0x00000000e0000000)
  object space 86528K, 26% used [0x00000000a0000000,0x00000000a169a360,0x00000000a5480000)
 Metaspace       used 48926K, capacity 50770K, committed 50944K, reserved 1093632K
  class space    used 6487K, capacity 6838K, committed 6912K, reserved 1048576K
Event: 18.254 GC heap after
Heap after GC invocations=16 (full 2):
 PSYoungGen      total 175616K, used 16249K [0x00000000e0000000, 0x00000000ec180000, 0x0000000100000000)
  eden space 158720K, 0% used [0x00000000e0000000,0x00000000e0000000,0x00000000e9b00000)
  from space 16896K, 96% used [0x00000000ead80000,0x00000000ebd5e440,0x00000000ebe00000)
  to   space 18944K, 0% used [0x00000000e9b00000,0x00000000e9b00000,0x00000000ead80000)
 ParOldGen       total 86528K, used 29579K [0x00000000a0000000, 0x00000000a5480000, 0x00000000e0000000)
  object space 86528K, 34% used [0x00000000a0000000,0x00000000a1ce2df8,0x00000000a5480000)
 Metaspace       used 48926K, capacity 50770K, committed 50944K, reserved 1093632K
  class space    used 6487K, capacity 6838K, committed 6912K, reserved 1048576K
}
Event: 20.294 GC heap before
{Heap before GC invocations=17 (full 2):
 PSYoungGen      total 175616K, used 174969K [0x00000000e0000000, 0x00000000ec180000, 0x0000000100000000)
  eden space 158720K, 100% used [0x00000000e0000000,0x00000000e9b00000,0x00000000e9b00000)
  from space 16896K, 96% used [0x00000000ead80000,0x00000000ebd5e440,0x00000000ebe00000)
  to   space 18944K, 0% used [0x00000000e9b00000,0x00000000e9b00000,0x00000000ead80000)
 ParOldGen       total 86528K, used 29579K [0x00000000a0000000, 0x00000000a5480000, 0x00000000e0000000)
  object space 86528K, 34% used [0x00000000a0000000,0x00000000a1ce2df8,0x00000000a5480000)
 Metaspace       used 49542K, capacity 51686K, committed 51712K, reserved 1093632K
  class space    used 6535K, capacity 6905K, committed 6912K, reserved 1048576K
Event: 20.330 GC heap after
Heap after GC invocations=17 (full 2):
 PSYoungGen      total 177664K, used 18944K [0x00000000e0000000, 0x00000000ef700000, 0x0000000100000000)
  eden space 158720K, 0% used [0x00000000e0000000,0x00000000e0000000,0x00000000e9b00000)
  from space 18944K, 100% used [0x00000000e9b00000,0x00000000ead80000,0x00000000ead80000)
  to   space 24576K, 0% used [0x00000000edf00000,0x00000000edf00000,0x00000000ef700000)
 ParOldGen       total 86528K, used 38270K [0x00000000a0000000, 0x00000000a5480000, 0x00000000e0000000)
  object space 86528K, 44% used [0x00000000a0000000,0x00000000a255fad0,0x00000000a5480000)
 Metaspace       used 49542K, capacity 51686K, committed 51712K, reserved 1093632K
  class space    used 6535K, capacity 6905K, committed 6912K, reserved 1048576K
}
Event: 23.728 GC heap before
{Heap before GC invocations=18 (full 2):
 PSYoungGen      total 177664K, used 177664K [0x00000000e0000000, 0x00000000ef700000, 0x0000000100000000)
  eden space 158720K, 100% used [0x00000000e0000000,0x00000000e9b00000,0x00000000e9b00000)
  from space 18944K, 100% used [0x00000000e9b00000,0x00000000ead80000,0x00000000ead80000)
  to   space 24576K, 0% used [0x00000000edf00000,0x00000000edf00000,0x00000000ef700000)
 ParOldGen       total 86528K, used 38270K [0x00000000a0000000, 0x00000000a5480000, 0x00000000e0000000)
  object space 86528K, 44% used [0x00000000a0000000,0x00000000a255fad0,0x00000000a5480000)
 Metaspace       used 51399K, capacity 53804K, committed 54144K, reserved 1095680K
  class space    used 6764K, capacity 7192K, committed 7296K, reserved 1048576K
Event: 23.792 GC heap after
Heap after GC invocations=18 (full 2):
 PSYoungGen      total 224768K, used 24326K [0x00000000e0000000, 0x00000000efe80000, 0x0000000100000000)
  eden space 200192K, 0% used [0x00000000e0000000,0x00000000e0000000,0x00000000ec380000)
  from space 24576K, 98% used [0x00000000edf00000,0x00000000ef6c19e8,0x00000000ef700000)
  to   space 28160K, 0% used [0x00000000ec380000,0x00000000ec380000,0x00000000edf00000)
 ParOldGen       total 86528K, used 48508K [0x00000000a0000000, 0x00000000a5480000, 0x00000000e0000000)
  object space 86528K, 56% used [0x00000000a0000000,0x00000000a2f5f310,0x00000000a5480000)
 Metaspace       used 51399K, capacity 53804K, committed 54144K, reserved 1095680K
  class space    used 6764K, capacity 7192K, committed 7296K, reserved 1048576K
}
Event: 25.436 GC heap before
{Heap before GC invocations=19 (full 2):
 PSYoungGen      total 224768K, used 224518K [0x00000000e0000000, 0x00000000efe80000, 0x0000000100000000)
  eden space 200192K, 100% used [0x00000000e0000000,0x00000000ec380000,0x00000000ec380000)
  from space 24576K, 98% used [0x00000000edf00000,0x00000000ef6c19e8,0x00000000ef700000)
  to   space 28160K, 0% used [0x00000000ec380000,0x00000000ec380000,0x00000000edf00000)
 ParOldGen       total 86528K, used 48508K [0x00000000a0000000, 0x00000000a5480000, 0x00000000e0000000)
  object space 86528K, 56% used [0x00000000a0000000,0x00000000a2f5f310,0x00000000a5480000)
 Metaspace       used 51668K, capacity 54180K, committed 54400K, reserved 1095680K
  class space    used 6796K, capacity 7244K, committed 7296K, reserved 1048576K
Event: 25.468 GC heap after
Heap after GC invocations=19 (full 2):
 PSYoungGen      total 228352K, used 28128K [0x00000000e0000000, 0x00000000f2c80000, 0x0000000100000000)
  eden space 200192K, 0% used [0x00000000e0000000,0x00000000e0000000,0x00000000ec380000)
  from space 28160K, 99% used [0x00000000ec380000,0x00000000edef8030,0x00000000edf00000)
  to   space 34304K, 0% used [0x00000000f0b00000,0x00000000f0b00000,0x00000000f2c80000)
 ParOldGen       total 86528K, used 53508K [0x00000000a0000000, 0x00000000a5480000, 0x00000000e0000000)
  object space 86528K, 61% used [0x00000000a0000000,0x00000000a3441320,0x00000000a5480000)
 Metaspace       used 51668K, capacity 54180K, committed 54400K, reserved 1095680K
  class space    used 6796K, capacity 7244K, committed 7296K, reserved 1048576K
}

